# run time = 39794.599668979645 s
-1.955994018844790270e-09
5.586527779739231610e-05
1.242447369277967402e-03
6.686016342813876599e-03
1.952540364178651303e-02
4.008274191066248798e-02
6.529809381177462124e-02
9.145552353565360171e-02
1.164703154963077220e-01
1.394930234569068950e-01
1.602138181868245081e-01
1.778605813990444817e-01
1.912072702269972113e-01
1.986118410792197808e-01
1.997760299753329472e-01
1.965148644753275109e-01
1.898438971754412286e-01
1.810095457510899064e-01
1.718647947366950535e-01
1.623135364309630513e-01
1.540242473550643976e-01
1.456201146877090513e-01
1.378010557531858526e-01
1.303919696812702866e-01
1.235661378655482368e-01
1.172047141634153938e-01
1.112475101901687774e-01
1.057014844964120764e-01
1.005364728906027044e-01
9.581013318588110783e-02
9.133362728170169031e-02
8.721601708781695494e-02
8.330228461141722662e-02
7.967098714281524441e-02
7.626150711864895793e-02
7.338259992627256534e-02
7.013026668871537306e-02
6.731227445719673019e-02
6.468829932411356010e-02
6.221240501155087671e-02
6.006009398118426074e-02
5.765826454644841503e-02
5.559437688496207675e-02
5.362549404664618963e-02
5.181600073952082747e-02
5.003133274865470548e-02
4.840434380652565427e-02
4.681187653112358488e-02
4.527690645951964327e-02
4.382094326627958281e-02
4.247551423450655200e-02
4.115355683650007146e-02
3.991899659074443774e-02
3.876446636288151393e-02
3.766065118102726594e-02
3.653626417668028037e-02
3.549336035376456089e-02
3.450693211148418704e-02
3.358344598420259092e-02
3.268567515124361222e-02
3.182457873629181838e-02
3.099679492561850311e-02
3.020402769135383664e-02
2.944359221751762651e-02
2.869451585770642008e-02
2.793781648161810377e-02
2.726685524248048664e-02
2.665392975940103840e-02
2.600903626508706268e-02
2.540399615366270222e-02
2.481682312278384733e-02
2.420759017654369391e-02
2.366219452822085345e-02
2.315140851639062303e-02
2.262533062127171021e-02
2.217089055394094038e-02
2.165737401356535724e-02
2.119179592052489527e-02
2.074613598522497340e-02
2.031040682135051151e-02
1.991170105386098899e-02
1.952235893251310500e-02
1.911480204762186497e-02
1.874236685916495435e-02
1.837259963330068607e-02
1.801639097727816483e-02
1.766734900836919309e-02
1.730644823410338803e-02
1.700161310411629073e-02
1.668130262496963709e-02
1.634165521048345018e-02
1.605909452569330431e-02
1.576141642266391113e-02
1.547012334983251421e-02
1.518895213606753954e-02
1.490962557735473100e-02
1.462909718378927089e-02
1.438473758954010931e-02
1.409049215161246177e-02
1.385777145323472369e-02
