# run time = 16197.535512924194 s
# Te = 2 [eV]
# ne = 2000000000000000000000000 [1/cc]
# mu = 2.129 [au]
# v[a.u.]    stopping number[a.u.]
1.000000000000000021e-03 0.000000000000000000e+00
1.222020202020202145e-01 5.485556434672473627e-07
2.434040404040404282e-01 3.779964850989567493e-05
3.646060606060606557e-01 4.524998252516616902e-04
4.858080808080808555e-01 2.563285028126903366e-03
6.070101010101011108e-01 9.515498550055553895e-03
7.282121212121213105e-01 2.694518268890130908e-02
8.494141414141415103e-01 6.330088910826110749e-02
9.706161616161617101e-01 1.297684889484325421e-01
1.091818181818181799e+00 2.392656057721788410e-01
1.213020202020202110e+00 4.031766636210734056e-01
1.334222222222222198e+00 6.277036252482581791e-01
1.455424242424242509e+00 9.148693111891327279e-01
1.576626262626262598e+00 1.265255735789106106e+00
1.697828282828282909e+00 1.678446556469553430e+00
1.819030303030302997e+00 2.153129693232041841e+00
1.940232323232323308e+00 2.693946180552279301e+00
2.061434343434343397e+00 3.296007273767231016e+00
2.182636363636363708e+00 3.956263687819092212e+00
2.303838383838384019e+00 4.677803278654459440e+00
2.425040404040404329e+00 5.441279666167876172e+00
2.546242424242424196e+00 6.232169432792162844e+00
2.667444444444444507e+00 7.026975648755767523e+00
2.788646464646464818e+00 7.804346043932438803e+00
2.909848484848485128e+00 8.547164145388988388e+00
3.031050505050505439e+00 9.246167524308045671e+00
3.152252525252525306e+00 9.912453384710193660e+00
3.273454545454545617e+00 1.053537147962043008e+01
3.394656565656565927e+00 1.112318382962960150e+01
3.515858585858586238e+00 1.167393275953387644e+01
3.637060606060606105e+00 1.219707669959808527e+01
3.758262626262626416e+00 1.269523466088049091e+01
3.879464646464646727e+00 1.317203933934186111e+01
4.000666666666667481e+00 1.362075260460456327e+01
4.121868686868687348e+00 1.405700547305352366e+01
4.243070707070708103e+00 1.446878217532836786e+01
4.364272727272727970e+00 1.487286779415827098e+01
4.485474747474747836e+00 1.525771388104636905e+01
4.606676767676768591e+00 1.563035843836289551e+01
4.727878787878788458e+00 1.598494174953223101e+01
4.849080808080809213e+00 1.633191701751828617e+01
4.970282828282829080e+00 1.667469404884663575e+01
5.091484848484848946e+00 1.699417980207159928e+01
5.212686868686869701e+00 1.730604721811661051e+01
5.333888888888889568e+00 1.761944360119747088e+01
5.455090909090910323e+00 1.790953515706186394e+01
5.576292929292930189e+00 1.820887403469822274e+01
5.697494949494950056e+00 1.849424632296362248e+01
5.818696969696970811e+00 1.876307166705539942e+01
5.939898989898990678e+00 1.902971132343637350e+01
6.061101010101011433e+00 1.929751436096860218e+01
6.182303030303031299e+00 1.954912957787027139e+01
6.303505050505051166e+00 1.980260484794590781e+01
6.424707070707071921e+00 2.005123952641900331e+01
6.545909090909091788e+00 2.029716783007551939e+01
6.667111111111111654e+00 2.052648660282291715e+01
6.788313131313132409e+00 2.074858557320660424e+01
6.909515151515152276e+00 2.096138996637062135e+01
7.030717171717173031e+00 2.120251553298270863e+01
7.151919191919192897e+00 2.141827412215839743e+01
7.273121212121212764e+00 2.162929854875619995e+01
7.394323232323233519e+00 2.183624049688943103e+01
7.515525252525253386e+00 2.201933120236304475e+01
7.636727272727274141e+00 2.225226189628081386e+01
7.757929292929294007e+00 2.243580317580736860e+01
7.879131313131313874e+00 2.263310250275639035e+01
8.000333333333333741e+00 2.282098575821636288e+01
8.121535353535353607e+00 2.302074842211841599e+01
8.242737373737373474e+00 2.320285976188591093e+01
8.363939393939393341e+00 2.338224470328744076e+01
8.485141414141414984e+00 2.357103383806909136e+01
8.606343434343434851e+00 2.373297240430715505e+01
8.727545454545454717e+00 2.391808177326085527e+01
8.848747474747474584e+00 2.407639343554718181e+01
8.969949494949494451e+00 2.424681807564119040e+01
9.091151515151516094e+00 2.444665375424108333e+01
9.212353535353535960e+00 2.458349807613418747e+01
9.333555555555555827e+00 2.472866066744236591e+01
9.454757575757575694e+00 2.488937582222304457e+01
9.575959595959595561e+00 2.511456614266995047e+01
9.697161616161617204e+00 2.522188788755574151e+01
9.818363636363637070e+00 2.540689791013747723e+01
9.939565656565656937e+00 2.550938539157788298e+01
1.006076767676767680e+01 2.567608066561246360e+01
1.018196969696969667e+01 2.581463196532922311e+01
1.030317171717171831e+01 2.597203082216591241e+01
1.042437373737373818e+01 2.613994403798883326e+01
1.054557575757575805e+01 2.625696311495448398e+01
1.066677777777777791e+01 2.641152935495137655e+01
1.078797979797979778e+01 2.652973711032607440e+01
1.090918181818181942e+01 2.670780042973748181e+01
1.103038383838383929e+01 2.679794016994017625e+01
1.115158585858585916e+01 2.693307172056578835e+01
1.127278787878787902e+01 2.706442467791802997e+01
1.139398989898989889e+01 2.720345056060890343e+01
1.151519191919192053e+01 2.734042575745865022e+01
1.163639393939394040e+01 2.746122362704854680e+01
1.175759595959596027e+01 2.759284849788008387e+01
1.187879797979798013e+01 2.772719726084246616e+01
1.200000000000000000e+01 2.783210382239427361e+01
