# run time = 17090.81766462326 s
-1.843467406675910691e-09
5.587193244149732667e-05
1.243207639123484034e-03
6.692831776782073340e-03
1.954169688725449980e-02
4.005065777961875489e-02
6.495415014824731936e-02
9.068590292015542287e-02
1.148459125866307246e-01
1.366783259375557169e-01
1.558376397216678644e-01
1.719510043219157069e-01
1.841372168338202830e-01
1.910168418894511722e-01
1.931940674422018278e-01
1.909368555125329214e-01
1.856232859650621680e-01
1.784159962554491274e-01
1.703210834157048992e-01
1.620199062048635896e-01
1.537093534142023876e-01
1.458350744845895997e-01
1.382011951945489037e-01
1.310741426964798506e-01
1.245126266227536971e-01
1.181193037680823704e-01
1.122912842756373097e-01
1.068380249381366554e-01
1.017506185786800216e-01
9.703955299879848950e-02
9.257646378105252594e-02
8.846259540374440400e-02
8.454002635712848379e-02
8.094622758193575907e-02
7.750298947403162775e-02
7.435133317602585223e-02
7.137228203766202150e-02
6.855702646668478117e-02
6.590655968040595725e-02
6.340346633891170980e-02
6.105135401901727599e-02
5.885188325571859280e-02
5.672769692265401675e-02
5.473002202338214661e-02
5.286089550706127294e-02
5.111311328709745166e-02
4.943691153408121680e-02
4.778924902656524892e-02
4.629996932385245512e-02
4.480821260524799760e-02
4.346754805111555098e-02
4.216088354227461726e-02
4.084783003897657361e-02
3.965012563548528379e-02
3.849926538070705395e-02
3.741278577766533886e-02
3.636045669432739352e-02
3.543185940259856170e-02
3.438917823960905423e-02
3.345740229387531711e-02
3.257379580942233038e-02
3.172614153146837562e-02
3.091476817819438505e-02
3.013288070210647790e-02
2.940566845232569365e-02
2.866688040778614388e-02
2.798323868412535761e-02
2.732452582920123774e-02
2.667044973222634438e-02
2.607062551869489264e-02
2.546329757632129903e-02
2.484813392093128057e-02
2.428258773440436155e-02
2.375172681880341127e-02
2.324700148840140243e-02
2.272696401392957158e-02
2.227350922016782878e-02
2.177335757792967300e-02
2.131801882006088139e-02
2.086900162648841137e-02
2.044117420429852547e-02
2.005922765233257229e-02
1.963000435099834448e-02
1.923655622205495963e-02
1.887202559079987838e-02
1.849348712370623565e-02
1.816122222974121680e-02
1.773605714540077080e-02
1.738467157215387721e-02
1.703333253987903209e-02
1.668148218369666300e-02
1.620840891874551423e-02
1.572362337663615536e-02
1.546885874290418461e-02
1.535142174517981767e-02
1.491668012537464803e-02
1.469785025455451130e-02
1.421058892451873383e-02
1.373411233524445517e-02
1.371269097712274343e-02
