# run time = 17366.745050907135 s
-1.837513743536401132e-09
5.700643473875936486e-05
1.358244649857638826e-03
7.935197304148992187e-03
2.445608879004913805e-02
5.096501466570248912e-02
8.158384080194566734e-02
1.107271126422300495e-01
1.361852448112455816e-01
1.574460752369840899e-01
1.744356882877678705e-01
1.875975813102176148e-01
1.960811820825582030e-01
1.998553423164555476e-01
1.991399728843373240e-01
1.951049920500345647e-01
1.884733359157210186e-01
1.803476376149832361e-01
1.718191621488161791e-01
1.630862423098153324e-01
1.545317043159412651e-01
1.464522655725192801e-01
1.386883288246192336e-01
1.315162107895947730e-01
1.248413792587706600e-01
1.183696574013232139e-01
1.125047488823532754e-01
1.069874332365406688e-01
1.018682548095651147e-01
9.716442853405651836e-02
9.268272034011260097e-02
8.848884074892600371e-02
8.461866257107200640e-02
8.102370000937483829e-02
7.801726306020027868e-02
7.439693025268398485e-02
7.142717206791246443e-02
6.860108531686051614e-02
6.594237876330232007e-02
6.343627613288907452e-02
6.107606790083953963e-02
5.886568999250400142e-02
5.689459947417843666e-02
5.475195676656458704e-02
5.287955425681665350e-02
5.113199355343549940e-02
4.946152509541007491e-02
4.779605573963548182e-02
4.631648133261351968e-02
4.484811308976444783e-02
4.343040641301558480e-02
4.217382710122258987e-02
4.085652512908174994e-02
3.966042740823420842e-02
3.849967191707848180e-02
3.741902136297150377e-02
3.638160230182053978e-02
3.534893462313532658e-02
3.441678222717916430e-02
3.346049805459110071e-02
3.257958114372987157e-02
3.173020972396133760e-02
3.091957908683463235e-02
3.014823438778916828e-02
2.940859599317153378e-02
2.868369208936214637e-02
2.800526232841558938e-02
2.732970836461743810e-02
2.668543171677729975e-02
2.605308777480704399e-02
2.547547771775761707e-02
2.485557365923160220e-02
2.431039381916483277e-02
2.379851304274940502e-02
2.322971541981328283e-02
2.274503179388646934e-02
2.224146046137172664e-02
2.180103198370826958e-02
2.131273295690084071e-02
2.086999587164936262e-02
2.044169718149327700e-02
2.003948766262895684e-02
1.962415841132508429e-02
1.923093659573337638e-02
1.888032724412880628e-02
1.848087228922029243e-02
1.814890986263491962e-02
1.774129127412253648e-02
1.740040022450762419e-02
1.705697220918027043e-02
1.653738519171315050e-02
1.637034404355645900e-02
1.570105163767324466e-02
1.552457352528629521e-02
1.523296870768077113e-02
1.474807286227790629e-02
1.446478162758013837e-02
1.433246707139130410e-02
1.414892501392791060e-02
1.370414970567476395e-02
