# run time = 22038.57905936241 s
-1.871687603730283713e-09
5.587063712890269490e-05
1.242567666782634942e-03
6.687830576830616769e-03
1.952681528028609240e-02
4.008340383063135892e-02
6.529912914947991198e-02
9.145481673001344680e-02
1.164496002105483569e-01
1.395126198336268386e-01
1.602308189025480889e-01
1.778949684058326319e-01
1.912098687775076744e-01
1.987136268425218344e-01
2.000083725008277580e-01
1.962892865946727627e-01
1.894644904462080004e-01
1.810172460081997114e-01
1.721070429022916182e-01
1.630117904396028716e-01
1.535185516941896533e-01
1.463587965197059859e-01
1.372948871462229548e-01
1.300216237456980894e-01
1.246120441665942852e-01
1.168772045578715113e-01
1.097841744943054004e-01
1.051401832560924926e-01
1.023071342305409970e-01
9.707051944144540201e-02
9.160971901611392187e-02
8.647853858242780800e-02
8.178567911554092407e-02
7.759245464867883801e-02
7.406466671238738642e-02
7.185765080266003080e-02
7.163491470125503413e-02
7.006586790614875715e-02
6.739067990591045276e-02
6.453478854108894713e-02
6.173878303438298104e-02
5.906781549718164576e-02
5.653922627376285759e-02
5.415459477447329834e-02
5.190851051785055903e-02
4.979396243880509360e-02
4.780216203830166960e-02
4.592571818503022457e-02
4.415530940986497205e-02
4.248531338727210005e-02
4.090810191365518850e-02
3.941661222743509524e-02
3.800492812864925130e-02
3.666792568847530853e-02
3.540096863688643042e-02
3.419902537139555415e-02
3.305756758144906549e-02
3.197181647889706796e-02
3.093870959233688614e-02
2.995780921424822177e-02
2.902500112287433043e-02
2.813211565886637733e-02
2.728178722410147528e-02
2.647384570667223741e-02
2.569688323906966013e-02
2.495965796607515358e-02
2.425232912657721701e-02
2.357716377916450889e-02
2.293103891362523183e-02
2.231087900450784423e-02
2.171668178104095917e-02
2.115126186333822142e-02
2.060893354413381034e-02
2.008774549225982378e-02
1.958431940852701711e-02
1.911416399203887811e-02
1.865125894732999612e-02
1.821177763878536332e-02
1.779973289654392110e-02
1.738800343868256507e-02
1.701744221220278380e-02
1.663957442114736424e-02
1.630841910767620584e-02
1.596182888840248087e-02
1.567277469496137707e-02
1.536195174760838535e-02
1.511655465160601300e-02
1.484432966543674029e-02
1.460777332647465385e-02
1.435776114329596377e-02
1.414408913918778835e-02
1.402819374512575754e-02
1.391118088305253082e-02
1.393756475207812151e-02
1.402445127633044492e-02
1.410203132377840958e-02
1.425175555810344850e-02
1.440205034937452541e-02
1.438895435235560197e-02
1.436062704418056800e-02
